2023-08-02 10:41:06,380 INFO com.user.user.UserApplication [main] Starting UserApplication using Java 17.0.7 on Luci with PID 28596 (C:\Users\mosta\STS4\LatestLogTask\target\classes started by mosta in C:\Users\mosta\STS4\LatestLogTask)
2023-08-02 10:41:06,386 DEBUG com.user.user.UserApplication [main] Running with Spring Boot v2.5.3, Spring v5.3.7
2023-08-02 10:41:06,386 INFO com.user.user.UserApplication [main] The following profiles are active: dev
2023-08-02 10:41:18,727 DEBUG com.user.user.security.filter.AuthTokenFilter [main] Filter 'authenticationJwtTokenFilter' configured for use
2023-08-02 10:41:26,134 INFO com.user.user.UserApplication [main] Started UserApplication in 20.512 seconds (JVM running for 21.071)
2023-08-02 10:41:40,363 INFO com.user.user.UserApplication [main] Starting UserApplication using Java 17.0.7 on Luci with PID 9172 (C:\Users\mosta\STS4\LatestLogTask\target\classes started by mosta in C:\Users\mosta\STS4\LatestLogTask)
2023-08-02 10:41:40,366 DEBUG com.user.user.UserApplication [main] Running with Spring Boot v2.5.3, Spring v5.3.7
2023-08-02 10:41:40,366 INFO com.user.user.UserApplication [main] The following profiles are active: dev
2023-08-02 10:41:43,833 INFO org.apache.catalina.core.StandardService [main] Starting service [Tomcat]
2023-08-02 10:41:43,834 INFO org.apache.catalina.core.StandardEngine [main] Starting Servlet engine: [Apache Tomcat/9.0.50]
2023-08-02 10:41:44,047 INFO org.apache.catalina.core.ContainerBase.[Tomcat].[localhost].[/] [main] Initializing Spring embedded WebApplicationContext
2023-08-02 10:41:44,970 INFO org.hibernate.jpa.internal.util.LogHelper [main] HHH000204: Processing PersistenceUnitInfo [name: default]
2023-08-02 10:41:45,181 INFO org.hibernate.Version [main] HHH000412: Hibernate ORM core version 5.4.32.Final
2023-08-02 10:41:45,534 INFO org.hibernate.annotations.common.Version [main] HCANN000001: Hibernate Commons Annotations {5.1.2.Final}
2023-08-02 10:41:45,724 INFO com.zaxxer.hikari.HikariDataSource [main] HikariPool-1 - Starting...
2023-08-02 10:41:46,088 INFO com.zaxxer.hikari.HikariDataSource [main] HikariPool-1 - Start completed.
2023-08-02 10:41:46,106 INFO org.hibernate.dialect.Dialect [main] HHH000400: Using dialect: org.hibernate.dialect.MySQL8Dialect
2023-08-02 10:41:47,543 INFO org.mongodb.driver.cluster [main] Cluster created with settings {hosts=[127.0.0.1:27017], srvHost=cluster0.fqexyx0.mongodb.net, mode=MULTIPLE, requiredClusterType=REPLICA_SET, serverSelectionTimeout='30000 ms', requiredReplicaSetName='atlas-nzsphf-shard-0'}
2023-08-02 10:41:47,609 INFO org.mongodb.driver.cluster [cluster-ClusterId{value='64ca16cbb693944b44608566', description='null'}-srv-cluster0.fqexyx0.mongodb.net] Adding discovered server ac-le4hnb2-shard-00-02.fqexyx0.mongodb.net:27017 to client view of cluster
2023-08-02 10:41:47,771 INFO org.mongodb.driver.cluster [cluster-ClusterId{value='64ca16cbb693944b44608566', description='null'}-srv-cluster0.fqexyx0.mongodb.net] Adding discovered server ac-le4hnb2-shard-00-00.fqexyx0.mongodb.net:27017 to client view of cluster
2023-08-02 10:41:47,772 INFO org.mongodb.driver.cluster [cluster-ClusterId{value='64ca16cbb693944b44608566', description='null'}-srv-cluster0.fqexyx0.mongodb.net] Adding discovered server ac-le4hnb2-shard-00-01.fqexyx0.mongodb.net:27017 to client view of cluster
2023-08-02 10:41:48,295 INFO org.mongodb.driver.connection [cluster-rtt-ClusterId{value='64ca16cbb693944b44608566', description='null'}-ac-le4hnb2-shard-00-02.fqexyx0.mongodb.net:27017] Opened connection [connectionId{localValue:2, serverValue:39620}] to ac-le4hnb2-shard-00-02.fqexyx0.mongodb.net:27017
2023-08-02 10:41:48,296 INFO org.mongodb.driver.connection [cluster-ClusterId{value='64ca16cbb693944b44608566', description='null'}-ac-le4hnb2-shard-00-00.fqexyx0.mongodb.net:27017] Opened connection [connectionId{localValue:5, serverValue:38128}] to ac-le4hnb2-shard-00-00.fqexyx0.mongodb.net:27017
2023-08-02 10:41:48,296 INFO org.mongodb.driver.connection [cluster-ClusterId{value='64ca16cbb693944b44608566', description='null'}-ac-le4hnb2-shard-00-01.fqexyx0.mongodb.net:27017] Opened connection [connectionId{localValue:3, serverValue:37051}] to ac-le4hnb2-shard-00-01.fqexyx0.mongodb.net:27017
2023-08-02 10:41:48,296 INFO org.mongodb.driver.connection [cluster-rtt-ClusterId{value='64ca16cbb693944b44608566', description='null'}-ac-le4hnb2-shard-00-00.fqexyx0.mongodb.net:27017] Opened connection [connectionId{localValue:1, serverValue:38128}] to ac-le4hnb2-shard-00-00.fqexyx0.mongodb.net:27017
2023-08-02 10:41:48,295 INFO org.mongodb.driver.connection [cluster-ClusterId{value='64ca16cbb693944b44608566', description='null'}-ac-le4hnb2-shard-00-02.fqexyx0.mongodb.net:27017] Opened connection [connectionId{localValue:6, serverValue:39573}] to ac-le4hnb2-shard-00-02.fqexyx0.mongodb.net:27017
2023-08-02 10:41:48,296 INFO org.mongodb.driver.cluster [cluster-ClusterId{value='64ca16cbb693944b44608566', description='null'}-ac-le4hnb2-shard-00-00.fqexyx0.mongodb.net:27017] Monitor thread successfully connected to server with description ServerDescription{address=ac-le4hnb2-shard-00-00.fqexyx0.mongodb.net:27017, type=REPLICA_SET_SECONDARY, state=CONNECTED, ok=true, minWireVersion=0, maxWireVersion=17, maxDocumentSize=16777216, logicalSessionTimeoutMinutes=30, roundTripTimeNanos=334803599, setName='atlas-nzsphf-shard-0', canonicalAddress=ac-le4hnb2-shard-00-00.fqexyx0.mongodb.net:27017, hosts=[ac-le4hnb2-shard-00-01.fqexyx0.mongodb.net:27017, ac-le4hnb2-shard-00-00.fqexyx0.mongodb.net:27017, ac-le4hnb2-shard-00-02.fqexyx0.mongodb.net:27017], passives=[], arbiters=[], primary='ac-le4hnb2-shard-00-02.fqexyx0.mongodb.net:27017', tagSet=TagSet{[Tag{name='nodeType', value='ELECTABLE'}, Tag{name='provider', value='AWS'}, Tag{name='region', value='EU_CENTRAL_1'}, Tag{name='workloadType', value='OPERATIONAL'}]}, electionId=null, setVersion=8, topologyVersion=TopologyVersion{processId=64c8d30db7923e40de100fad, counter=4}, lastWriteDate=Wed Aug 02 10:41:50 EET 2023, lastUpdateTimeNanos=139540035765500}
2023-08-02 10:41:48,295 INFO org.mongodb.driver.connection [cluster-rtt-ClusterId{value='64ca16cbb693944b44608566', description='null'}-ac-le4hnb2-shard-00-01.fqexyx0.mongodb.net:27017] Opened connection [connectionId{localValue:4, serverValue:37051}] to ac-le4hnb2-shard-00-01.fqexyx0.mongodb.net:27017
2023-08-02 10:41:48,296 INFO org.mongodb.driver.cluster [cluster-ClusterId{value='64ca16cbb693944b44608566', description='null'}-ac-le4hnb2-shard-00-02.fqexyx0.mongodb.net:27017] Monitor thread successfully connected to server with description ServerDescription{address=ac-le4hnb2-shard-00-02.fqexyx0.mongodb.net:27017, type=REPLICA_SET_PRIMARY, state=CONNECTED, ok=true, minWireVersion=0, maxWireVersion=17, maxDocumentSize=16777216, logicalSessionTimeoutMinutes=30, roundTripTimeNanos=333743000, setName='atlas-nzsphf-shard-0', canonicalAddress=ac-le4hnb2-shard-00-02.fqexyx0.mongodb.net:27017, hosts=[ac-le4hnb2-shard-00-01.fqexyx0.mongodb.net:27017, ac-le4hnb2-shard-00-00.fqexyx0.mongodb.net:27017, ac-le4hnb2-shard-00-02.fqexyx0.mongodb.net:27017], passives=[], arbiters=[], primary='ac-le4hnb2-shard-00-02.fqexyx0.mongodb.net:27017', tagSet=TagSet{[Tag{name='nodeType', value='ELECTABLE'}, Tag{name='provider', value='AWS'}, Tag{name='region', value='EU_CENTRAL_1'}, Tag{name='workloadType', value='OPERATIONAL'}]}, electionId=7fffffff0000000000000258, setVersion=8, topologyVersion=TopologyVersion{processId=64c8d450fc3c30062570dc4a, counter=6}, lastWriteDate=Wed Aug 02 10:41:50 EET 2023, lastUpdateTimeNanos=139540035764800}
2023-08-02 10:41:48,296 INFO org.mongodb.driver.cluster [cluster-ClusterId{value='64ca16cbb693944b44608566', description='null'}-ac-le4hnb2-shard-00-01.fqexyx0.mongodb.net:27017] Monitor thread successfully connected to server with description ServerDescription{address=ac-le4hnb2-shard-00-01.fqexyx0.mongodb.net:27017, type=REPLICA_SET_SECONDARY, state=CONNECTED, ok=true, minWireVersion=0, maxWireVersion=17, maxDocumentSize=16777216, logicalSessionTimeoutMinutes=30, roundTripTimeNanos=335984900, setName='atlas-nzsphf-shard-0', canonicalAddress=ac-le4hnb2-shard-00-01.fqexyx0.mongodb.net:27017, hosts=[ac-le4hnb2-shard-00-01.fqexyx0.mongodb.net:27017, ac-le4hnb2-shard-00-00.fqexyx0.mongodb.net:27017, ac-le4hnb2-shard-00-02.fqexyx0.mongodb.net:27017], passives=[], arbiters=[], primary='ac-le4hnb2-shard-00-02.fqexyx0.mongodb.net:27017', tagSet=TagSet{[Tag{name='nodeType', value='ELECTABLE'}, Tag{name='provider', value='AWS'}, Tag{name='region', value='EU_CENTRAL_1'}, Tag{name='workloadType', value='OPERATIONAL'}]}, electionId=null, setVersion=8, topologyVersion=TopologyVersion{processId=64c8d58b2b9e1264c4324ba3, counter=3}, lastWriteDate=Wed Aug 02 10:41:50 EET 2023, lastUpdateTimeNanos=139540035764900}
2023-08-02 10:41:48,301 INFO org.mongodb.driver.cluster [cluster-ClusterId{value='64ca16cbb693944b44608566', description='null'}-ac-le4hnb2-shard-00-02.fqexyx0.mongodb.net:27017] Setting max election id to 7fffffff0000000000000258 from replica set primary ac-le4hnb2-shard-00-02.fqexyx0.mongodb.net:27017
2023-08-02 10:41:48,301 INFO org.mongodb.driver.cluster [cluster-ClusterId{value='64ca16cbb693944b44608566', description='null'}-ac-le4hnb2-shard-00-02.fqexyx0.mongodb.net:27017] Setting max set version to 8 from replica set primary ac-le4hnb2-shard-00-02.fqexyx0.mongodb.net:27017
2023-08-02 10:41:48,301 INFO org.mongodb.driver.cluster [cluster-ClusterId{value='64ca16cbb693944b44608566', description='null'}-ac-le4hnb2-shard-00-02.fqexyx0.mongodb.net:27017] Discovered replica set primary ac-le4hnb2-shard-00-02.fqexyx0.mongodb.net:27017
2023-08-02 10:41:49,142 INFO org.hibernate.engine.transaction.jta.platform.internal.JtaPlatformInitiator [main] HHH000490: Using JtaPlatform implementation: [org.hibernate.engine.transaction.jta.platform.internal.NoJtaPlatform]
2023-08-02 10:41:49,736 DEBUG com.user.user.security.filter.AuthTokenFilter [main] Filter 'authenticationJwtTokenFilter' configured for use
2023-08-02 10:41:53,108 INFO com.user.user.UserApplication [main] Started UserApplication in 13.477 seconds (JVM running for 13.978)
